<?xml version="1.0" encoding="UTF-8"?>
<!-- Generated by org.testng.reporters.JUnitReportReporter -->
<testsuite hostname="DESKTOP-72TUNPC" failures="0" tests="3" name="tests.WebTestCases" time="89.694" errors="0" timestamp="2026-04-05T10:59:11 IST" skipped="0">
  <testcase classname="tests.WebTestCases" name="myntraLoginTest" time="15.062"/>
  <testcase classname="tests.WebTestCases" name="googleSearchClaudeFeaturesTest" time="48.024"/>
  <testcase classname="tests.WebTestCases" name="flipkartLoginTest" time="26.608"/>
</testsuite> <!-- tests.WebTestCases -->
