<?xml version="1.0" encoding="UTF-8"?>
<!-- Generated by org.testng.reporters.JUnitXMLReporter -->
<testsuite ignored="0" hostname="DESKTOP-72TUNPC" failures="0" tests="3" name="Myntra + Google + Flipkart Tests" time="89.908" errors="0" timestamp="2026-04-05T10:59:11 IST">
  <testcase classname="tests.WebTestCases" name="myntraLoginTest" time="9.754"/>
  <testcase classname="tests.WebTestCases" name="googleSearchClaudeFeaturesTest" time="28.048"/>
  <testcase classname="tests.WebTestCases" name="flipkartLoginTest" time="15.454"/>
</testsuite> <!-- Myntra + Google + Flipkart Tests -->
